<?xml version="1.0" encoding="UTF-8"?>
<testng-results ignored="0" total="1" passed="1" failed="0" skipped="0">
  <reporter-output>
  </reporter-output>
  <suite started-at="2021-03-27T10:57:14Z" name="Default suite" finished-at="2021-03-27T10:57:14Z" duration-ms="26">
    <groups>
    </groups>
    <test started-at="2021-03-27T10:57:14Z" name="Default test" finished-at="2021-03-27T10:57:14Z" duration-ms="26">
      <class name="Test.CodekruTest">
        <test-method signature="test()[pri:0, instance:Test.CodekruTest@766653e6]" started-at="2021-03-27T10:57:14Z" name="test" finished-at="2021-03-27T10:57:14Z" duration-ms="8" status="PASS">
          <reporter-output>
          </reporter-output>
        </test-method> <!-- test -->
      </class> <!-- Test.CodekruTest -->
    </test> <!-- Default test -->
  </suite> <!-- Default suite -->
</testng-results>
